Flutter crash report; please file at https://github.com/flutter/flutter/issues.

## command

flutter test

## exception

NoSuchMethodError: NoSuchMethodError: The method 'shutdown' was called on null.
Receiver: null
Tried calling: shutdown()

```
#0      Object.noSuchMethod (dart:core/runtime/libobject_patch.dart:46:5)
#1      _Compiler.shutdown (package:flutter_tools/src/test/flutter_platform.dart:288:20)
<asynchronous suspension>
#2      _FlutterPlatform.close (package:flutter_tools/src/test/flutter_platform.dart:745:22)
<asynchronous suspension>
#3      Loader.close.<anonymous closure>.<anonymous closure> (package:test/src/runner/loader.dart:306:39)
<asynchronous suspension>
#4      MappedIterator.moveNext (dart:_internal/iterable.dart:392:18)
#5      Future.wait (dart:async/future.dart:385:26)
#6      Loader.close.<anonymous closure> (package:test/src/runner/loader.dart:304:18)
<asynchronous suspension>
#7      new Future.sync (dart:async/future.dart:222:31)
#8      AsyncMemoizer.runOnce (package:async/src/async_memoizer.dart:43:42)
#9      Loader.close (package:test/src/runner/loader.dart:302:32)
#10     Runner.close.<anonymous closure> (package:test/src/runner.dart:226:23)
<asynchronous suspension>
#11     new Future.sync (dart:async/future.dart:222:31)
#12     AsyncMemoizer.runOnce (package:async/src/async_memoizer.dart:43:42)
#13     Runner.close (package:test/src/runner.dart:198:32)
#14     main.close (package:test/src/executable.dart:165:19)
<asynchronous suspension>
#15     main (package:test/src/executable.dart:190:16)
<asynchronous suspension>
#16     runTests (package:flutter_tools/src/test/runner.dart:109:11)
<asynchronous suspension>
#17     TestCommand.runCommand (package:flutter_tools/src/commands/test.dart:151:30)
<asynchronous suspension>
#18     FlutterCommand.verifyThenRunCommand (package:flutter_tools/src/runner/flutter_command.dart:347:18)
#19     _asyncThenWrapperHelper.<anonymous closure> (dart:async/runtime/libasync_patch.dart:77:64)
#20     _rootRunUnary (dart:async/zone.dart:1134:38)
#21     _CustomZone.runUnary (dart:async/zone.dart:1031:19)
#22     _FutureListener.handleValue (dart:async/future_impl.dart:129:18)
#23     Future._propagateToListeners.handleValueCallback (dart:async/future_impl.dart:638:45)
#24     Future._propagateToListeners (dart:async/future_impl.dart:667:32)
#25     Future._complete (dart:async/future_impl.dart:472:7)
#26     _SyncCompleter.complete (dart:async/future_impl.dart:51:12)
#27     _AsyncAwaitCompleter.complete.<anonymous closure> (dart:async/runtime/libasync_patch.dart:33:20)
#28     _rootRun (dart:async/zone.dart:1126:13)
#29     _CustomZone.run (dart:async/zone.dart:1023:19)
#30     _CustomZone.bindCallback.<anonymous closure> (dart:async/zone.dart:949:23)
#31     _microtaskLoop (dart:async/schedule_microtask.dart:41:21)
#32     _startMicrotaskLoop (dart:async/schedule_microtask.dart:50:5)
#33     _runPendingImmediateCallback (dart:isolate/runtime/libisolate_patch.dart:113:13)
#34     _RawReceivePortImpl._handleMessage (dart:isolate/runtime/libisolate_patch.dart:166:5)
```

## flutter doctor

```
[✓] Flutter (Channel master, v0.5.8-pre.155, on Mac OS X 10.13.6 17G65, locale en-US)
    • Flutter version 0.5.8-pre.155 at /Users/accountname/Code/lib/flutter
    • Framework revision 78a00cb13a (2 days ago), 2018-07-27 09:02:44 -0700
    • Engine revision 6f7bdc9fab
    • Dart version 2.0.0-dev.69.3.flutter-937ee2e8ca

[✓] Android toolchain - develop for Android devices (Android SDK 27.0.3)
    • Android SDK at /Users/accountname/Library/Android/sdk
    • Android NDK location not configured (optional; useful for native profiling support)
    • Platform android-27, build-tools 27.0.3
    • Java binary at: /Applications/Android Studio.app/Contents/jre/jdk/Contents/Home/bin/java
    • Java version OpenJDK Runtime Environment (build 1.8.0_152-release-1024-b01)
    • All Android licenses accepted.

[✓] iOS toolchain - develop for iOS devices (Xcode 9.4.1)
    • Xcode at /Applications/Xcode.app/Contents/Developer
    • Xcode 9.4.1, Build version 9F2000
    • ios-deploy 1.9.2
    • CocoaPods version 1.5.2

[✓] Android Studio (version 3.1)
    • Android Studio at /Applications/Android Studio.app/Contents
    • Flutter plugin version 26.0.1
    • Dart plugin version 173.4700
    • Java version OpenJDK Runtime Environment (build 1.8.0_152-release-1024-b01)

[✓] VS Code (version 1.25.1)
    • VS Code at /Applications/Visual Studio Code.app/Contents
    • Flutter extension version 2.16.0

[✓] Connected devices (2 available)
    • Android SDK built for x86 • emulator-5554                            • android-x86 • Android 9 (API 28) (emulator)
    • T’s iphone                • f558a4546c4792458b04d1f782af6afbe3a03176 • ios         • iOS 11.4.1

• No issues found!
```
